<?xml version="1.0" encoding="UTF-8"?>
<!-- Generated by org.testng.reporters.JUnitXMLReporter -->
<testsuite ignored="0" hostname="Vipuls-MacBook-Air.local" failures="0" tests="2" name="Default test" time="0.268" errors="0" timestamp="2023-05-30T18:51:38 IST">
  <testcase classname="Basics.R_09_Serealization_Deserialization_Concept" name="serealization" time="0.215"/>
  <testcase classname="Basics.R_09_Serealization_Deserialization_Concept" name="deserialization" time="0.021"/>
</testsuite> <!-- Default test -->
