<?xml version="1.0" encoding="UTF-8"?>
<testng-results ignored="0" total="1" passed="1" failed="0" skipped="0">
  <reporter-output>
  </reporter-output>
  <suite started-at="2023-01-29T23:12:19 IST" name="Default suite" finished-at="2023-01-29T23:12:20 IST" duration-ms="790">
    <groups>
    </groups>
    <test started-at="2023-01-29T23:12:19 IST" name="Default test" finished-at="2023-01-29T23:12:20 IST" duration-ms="790">
      <class name="Basics.R_06_ResponseBody_02">
        <test-method signature="validateJsonResponseBody()[pri:0, instance:Basics.R_06_ResponseBody_02@3bf9ce3e]" started-at="2023-01-29T23:12:19 IST" name="validateJsonResponseBody" finished-at="2023-01-29T23:12:20 IST" duration-ms="770" status="PASS">
          <reporter-output>
          </reporter-output>
        </test-method> <!-- validateJsonResponseBody -->
      </class> <!-- Basics.R_06_ResponseBody_02 -->
    </test> <!-- Default test -->
  </suite> <!-- Default suite -->
</testng-results>
