<?xml version="1.0" encoding="UTF-8"?>
<!-- Generated by org.testng.reporters.JUnitReportReporter -->
<testsuite hostname="Vipuls-MacBook-Air.local" failures="0" tests="4" name="Basics.R_01_CRUD_Operations" time="3.212" errors="0" timestamp="2023-01-22T20:18:38 IST" skipped="0">
  <testcase classname="Basics.R_01_CRUD_Operations" name="createUser" time="1.771"/>
  <system-out/>
  <testcase classname="Basics.R_01_CRUD_Operations" name="getUser" time="0.187"/>
  <system-out/>
  <testcase classname="Basics.R_01_CRUD_Operations" name="updateUser" time="0.652"/>
  <system-out/>
  <testcase classname="Basics.R_01_CRUD_Operations" name="deleteUser" time="0.602"/>
  <system-out/>
</testsuite> <!-- Basics.R_01_CRUD_Operations -->
