<?xml version="1.0" encoding="UTF-8"?>
<!-- Generated by org.testng.reporters.JUnitReportReporter -->
<testsuite hostname="11689A-hkamboj.corp.zynga.com" failures="0" tests="2" name="Basics.R_09_Serealization_Deserialization_Concept" time="0.171" errors="0" timestamp="2023-01-27T19:33:09 IST" skipped="0">
  <testcase classname="Basics.R_09_Serealization_Deserialization_Concept" name="serealization" time="0.153"/>
  <system-out/>
  <testcase classname="Basics.R_09_Serealization_Deserialization_Concept" name="deserialization" time="0.018"/>
  <system-out/>
</testsuite> <!-- Basics.R_09_Serealization_Deserialization_Concept -->
