<?xml version="1.0" encoding="UTF-8"?>
<!-- Generated by org.testng.reporters.JUnitReportReporter -->
<testsuite hostname="11689A-hkamboj.corp.zynga.com" failures="0" tests="2" name="Basics.R_06_ResponseBody" time="2.449" errors="0" timestamp="2023-01-28T14:44:41 IST" skipped="0">
  <testcase classname="Basics.R_06_ResponseBody" name="validateJsonResponseBody_02" time="0.646"/>
  <system-out/>
  <testcase classname="Basics.R_06_ResponseBody" name="validateJsonResponseBody_01" time="1.803"/>
  <system-out/>
</testsuite> <!-- Basics.R_06_ResponseBody -->
