<?xml version="1.0" encoding="UTF-8"?>
<!-- Generated by org.testng.reporters.JUnitReportReporter -->
<testsuite hostname="11862A-DKUMAR.corp.zynga.com" failures="0" tests="2" name="Basics.R_05_Rsponse_Headers" time="2.614" errors="0" timestamp="2023-01-24T08:40:43 IST" skipped="0">
  <testcase classname="Basics.R_05_Rsponse_Headers" name="getResponseHeaders_01" time="1.816"/>
  <system-out/>
  <testcase classname="Basics.R_05_Rsponse_Headers" name="getResponseHeaders_02" time="0.798"/>
  <system-out/>
</testsuite> <!-- Basics.R_05_Rsponse_Headers -->
