<?xml version="1.0" encoding="UTF-8"?>
<!-- Generated by org.testng.reporters.JUnitReportReporter -->
<testsuite hostname="17287A-TKAMINSK.corp.zynga.com" failures="0" tests="4" name="Basics.R_10_Authentication" time="37.137" errors="0" timestamp="2023-01-27T21:57:49 IST" skipped="0">
  <testcase classname="Basics.R_10_Authentication" name="BasicAuthentication" time="6.165"/>
  <system-out/>
  <testcase classname="Basics.R_10_Authentication" name="DigestAuthentication" time="21.630"/>
  <system-out/>
  <testcase classname="Basics.R_10_Authentication" name="PreemptiveAuthentication" time="4.069"/>
  <system-out/>
  <testcase classname="Basics.R_10_Authentication" name="BearerTokenAuthentication" time="5.273"/>
  <system-out/>
</testsuite> <!-- Basics.R_10_Authentication -->
