<?xml version="1.0" encoding="UTF-8"?>
<!-- Generated by org.testng.reporters.JUnitReportReporter -->
<testsuite hostname="Vipuls-MacBook-Air.local" failures="0" tests="4" name="Basics.R_02_GenerateRequestBody" time="0.536" errors="0" timestamp="2023-01-22T21:44:08 IST" skipped="0">
  <testcase classname="Basics.R_02_GenerateRequestBody" name="hashMapRequestBody" time="0.516"/>
  <system-out/>
  <testcase classname="Basics.R_02_GenerateRequestBody" name="jsonRequestBody" time="0.001"/>
  <system-out/>
  <testcase classname="Basics.R_02_GenerateRequestBody" name="pojoRequestBody" time="0.016"/>
  <system-out/>
  <testcase classname="Basics.R_02_GenerateRequestBody" name="externalJsonRequestBody" time="0.003"/>
  <system-out/>
</testsuite> <!-- Basics.R_02_GenerateRequestBody -->
