<?xml version="1.0" encoding="UTF-8"?>
<!-- Generated by org.testng.reporters.JUnitReportReporter -->
<testsuite hostname="11862A-DKUMAR.corp.zynga.com" failures="0" tests="2" name="Basics.R_04_Cookies_Headers" time="2.586" errors="0" timestamp="2023-01-23T14:07:00 IST" skipped="0">
  <testcase classname="Basics.R_04_Cookies_Headers" name="getResponseCookies_02" time="0.747"/>
  <system-out/>
  <testcase classname="Basics.R_04_Cookies_Headers" name="getResponseCookies_01" time="1.839"/>
  <system-out/>
</testsuite> <!-- Basics.R_04_Cookies_Headers -->
